<?xml version="1.0" encoding="UTF-8"?>
<!-- Generated by org.testng.reporters.JUnitReportReporter -->
<testsuite hostname="LAPTOP-3LDCRNSQ" failures="0" tests="1" name="testScripts.SendContactDetailsTest" time="12.523" errors="0" timestamp="2023-05-26T08:49:52 IST" skipped="0">
  <testcase classname="testScripts.SendContactDetailsTest" name="sendContactDetailsTest" time="12.523"/>
  <system-out/>
</testsuite> <!-- testScripts.SendContactDetailsTest -->
